<?xml version="1.0" encoding="UTF-8"?>
<testng-results total="1" passed="1" failed="0" skipped="0">
  <reporter-output>
    <line>
      <![CDATA[Application Opend]]>
    </line>
    <line>
      <![CDATA[Titled Not Matched]]>
    </line>
    <line>
      <![CDATA[OrangeHRM - New Level of HR Management]]>
    </line>
    <line>
      <![CDATA[Login Completed]]>
    </line>
    <line>
      <![CDATA[Title Matched]]>
    </line>
    <line>
      <![CDATA[Enter the Frame]]>
    </line>
    <line>
      <![CDATA[Add emp Succesfully]]>
    </line>
    <line>
      <![CDATA[Exit Frame]]>
    </line>
    <line>
      <![CDATA[Logout Succesfully]]>
    </line>
    <line>
      <![CDATA[Application Closed]]>
    </line>
  </reporter-output>
  <suite started-at="2022-10-19T05:24:36Z" name="Default suite" finished-at="2022-10-19T05:24:42Z" duration-ms="5958">
    <groups>
    </groups>
    <test started-at="2022-10-19T05:24:36Z" name="Default test" finished-at="2022-10-19T05:24:42Z" duration-ms="5958">
      <class name="com.hrms.textscripts.TC001">
        <test-method signature="tc001()[pri:0, instance:com.hrms.textscripts.TC001@2d778add]" started-at="2022-10-19T10:54:36Z" name="tc001" finished-at="2022-10-19T10:54:42Z" duration-ms="5939" status="PASS">
          <reporter-output>
            <line>
              <![CDATA[Application Opend]]>
            </line>
            <line>
              <![CDATA[Titled Not Matched]]>
            </line>
            <line>
              <![CDATA[OrangeHRM - New Level of HR Management]]>
            </line>
            <line>
              <![CDATA[Login Completed]]>
            </line>
            <line>
              <![CDATA[Title Matched]]>
            </line>
            <line>
              <![CDATA[Enter the Frame]]>
            </line>
            <line>
              <![CDATA[Add emp Succesfully]]>
            </line>
            <line>
              <![CDATA[Exit Frame]]>
            </line>
            <line>
              <![CDATA[Logout Succesfully]]>
            </line>
            <line>
              <![CDATA[Application Closed]]>
            </line>
          </reporter-output>
        </test-method> <!-- tc001 -->
      </class> <!-- com.hrms.textscripts.TC001 -->
    </test> <!-- Default test -->
  </suite> <!-- Default suite -->
</testng-results>
